2016-12-02 07:53:06 [scrapy] INFO: Scrapy 1.1.3 started (bot: douban_scrapy)
2016-12-02 07:53:06 [scrapy] INFO: Overridden settings: {'CONCURRENT_REQUESTS': 64, 'CONCURRENT_REQUESTS_PER_DOMAIN': 100, 'LOG_FILE': 'scrapy.log', 'SPIDER_MODULES': ['douban_scrapy.spiders'], 'BOT_NAME': 'douban_scrapy', 'NEWSPIDER_MODULE': 'douban_scrapy.spiders'}
2016-12-02 07:53:06 [scrapy] INFO: Enabled extensions:
['scrapy.extensions.logstats.LogStats',
 'scrapy.extensions.telnet.TelnetConsole',
 'scrapy.extensions.corestats.CoreStats']
2016-12-02 07:53:06 [scrapy] INFO: Enabled downloader middlewares:
['scrapy.downloadermiddlewares.httpauth.HttpAuthMiddleware',
 'scrapy.downloadermiddlewares.downloadtimeout.DownloadTimeoutMiddleware',
 'scrapy.downloadermiddlewares.useragent.UserAgentMiddleware',
 'douban_scrapy.middlewares.RandomUserAgent',
 'scrapy.downloadermiddlewares.retry.RetryMiddleware',
 'scrapy.downloadermiddlewares.defaultheaders.DefaultHeadersMiddleware',
 'scrapy.downloadermiddlewares.redirect.MetaRefreshMiddleware',
 'scrapy.downloadermiddlewares.httpcompression.HttpCompressionMiddleware',
 'scrapy.downloadermiddlewares.redirect.RedirectMiddleware',
 'scrapy.downloadermiddlewares.cookies.CookiesMiddleware',
 'scrapy.downloadermiddlewares.chunked.ChunkedTransferMiddleware',
 'scrapy.downloadermiddlewares.stats.DownloaderStats']
2016-12-02 07:53:06 [scrapy] INFO: Enabled spider middlewares:
['scrapy.spidermiddlewares.httperror.HttpErrorMiddleware',
 'scrapy.spidermiddlewares.offsite.OffsiteMiddleware',
 'scrapy.spidermiddlewares.referer.RefererMiddleware',
 'scrapy.spidermiddlewares.urllength.UrlLengthMiddleware',
 'scrapy.spidermiddlewares.depth.DepthMiddleware']
2016-12-02 07:53:06 [scrapy] INFO: Enabled item pipelines:
['douban_scrapy.pipelines.MySQLStorePipeline']
2016-12-02 07:53:06 [scrapy] INFO: Spider opened
2016-12-02 07:53:06 [douban_scrapy.pipelines] INFO: Connecting to database successfully!
2016-12-02 07:53:06 [py.warnings] WARNING: F:\Python35\lib\site-packages\pymysql\cursors.py:166: Warning: (1050, "Table 'mirs_movie_test' already exists")
  result = self._query(query)

2016-12-02 07:53:06 [py.warnings] WARNING: F:\Python35\lib\site-packages\pymysql\cursors.py:166: Warning: (1050, "Table 'imdb_rating' already exists")
  result = self._query(query)

2016-12-02 07:53:06 [py.warnings] WARNING: F:\Python35\lib\site-packages\pymysql\cursors.py:166: Warning: (1050, "Table 'stills_links' already exists")
  result = self._query(query)

2016-12-02 07:53:06 [py.warnings] WARNING: F:\Python35\lib\site-packages\pymysql\cursors.py:166: Warning: (1050, "Table 'poster_links' already exists")
  result = self._query(query)

2016-12-02 07:53:06 [py.warnings] WARNING: F:\Python35\lib\site-packages\pymysql\cursors.py:166: Warning: (1050, "Table 'short_comments' already exists")
  result = self._query(query)

2016-12-02 07:53:06 [py.warnings] WARNING: F:\Python35\lib\site-packages\pymysql\cursors.py:166: Warning: (1050, "Table 'reviews' already exists")
  result = self._query(query)

2016-12-02 07:53:06 [scrapy] INFO: Crawled 0 pages (at 0 pages/min), scraped 0 items (at 0 items/min)
2016-12-02 07:53:06 [scrapy] DEBUG: Telnet console listening on 127.0.0.1:6023
2016-12-02 07:53:06 [douban_movie] INFO: start...
2016-12-02 07:53:07 [scrapy] DEBUG: Redirecting (301) to <GET https://movie.douban.com/subject/3427376/> from <GET https://movie.douban.com/subject/3427376>
2016-12-02 07:53:07 [scrapy] DEBUG: Redirecting (301) to <GET https://movie.douban.com/subject/3427308/> from <GET https://movie.douban.com/subject/3427308>
2016-12-02 07:53:07 [scrapy] DEBUG: Redirecting (301) to <GET https://movie.douban.com/subject/3427377/> from <GET https://movie.douban.com/subject/3427377>
2016-12-02 07:53:07 [scrapy] DEBUG: Redirecting (301) to <GET https://movie.douban.com/subject/3427890/> from <GET https://movie.douban.com/subject/3427890>
2016-12-02 07:53:07 [scrapy] DEBUG: Redirecting (301) to <GET https://movie.douban.com/subject/3428413/> from <GET https://movie.douban.com/subject/3428413>
2016-12-02 07:53:08 [scrapy] DEBUG: Redirecting (301) to <GET https://movie.douban.com/subject/3428500/> from <GET https://movie.douban.com/subject/3428500>
2016-12-02 07:53:08 [scrapy] DEBUG: Redirecting (301) to <GET https://movie.douban.com/subject/3428529/> from <GET https://movie.douban.com/subject/3428529>
2016-12-02 07:53:08 [scrapy] DEBUG: Redirecting (301) to <GET https://movie.douban.com/subject/3428547/> from <GET https://movie.douban.com/subject/3428547>
2016-12-02 07:53:08 [scrapy] DEBUG: Redirecting (301) to <GET https://movie.douban.com/subject/3428545/> from <GET https://movie.douban.com/subject/3428545>
2016-12-02 07:53:08 [scrapy] DEBUG: Redirecting (301) to <GET https://movie.douban.com/subject/3428580/> from <GET https://movie.douban.com/subject/3428580>
2016-12-02 07:53:08 [scrapy] DEBUG: Redirecting (301) to <GET https://movie.douban.com/subject/3429252/> from <GET https://movie.douban.com/subject/3429252>
2016-12-02 07:53:08 [scrapy] DEBUG: Redirecting (301) to <GET https://movie.douban.com/subject/3429411/> from <GET https://movie.douban.com/subject/3429411>
2016-12-02 07:53:08 [scrapy] DEBUG: Redirecting (301) to <GET https://movie.douban.com/subject/3430169/> from <GET https://movie.douban.com/subject/3430169>
2016-12-02 07:53:08 [scrapy] DEBUG: Redirecting (301) to <GET https://movie.douban.com/subject/3430271/> from <GET https://movie.douban.com/subject/3430271>
2016-12-02 07:53:08 [scrapy] DEBUG: Redirecting (301) to <GET https://movie.douban.com/subject/3430331/> from <GET https://movie.douban.com/subject/3430331>
2016-12-02 07:53:08 [scrapy] DEBUG: Redirecting (301) to <GET https://movie.douban.com/subject/3430423/> from <GET https://movie.douban.com/subject/3430423>
2016-12-02 07:53:08 [scrapy] DEBUG: Redirecting (301) to <GET https://movie.douban.com/subject/3430463/> from <GET https://movie.douban.com/subject/3430463>
2016-12-02 07:53:08 [scrapy] DEBUG: Crawled (200) <GET https://movie.douban.com/subject/3427376/> (referer: None)
2016-12-02 07:53:08 [scrapy] DEBUG: Redirecting (301) to <GET https://movie.douban.com/subject/3430694/> from <GET https://movie.douban.com/subject/3430694>
2016-12-02 07:53:08 [scrapy] DEBUG: Crawled (200) <GET https://movie.douban.com/subject/3427308/> (referer: None)
2016-12-02 07:53:08 [scrapy] DEBUG: Redirecting (301) to <GET https://movie.douban.com/subject/3430912/> from <GET https://movie.douban.com/subject/3430912>
2016-12-02 07:53:08 [scrapy] DEBUG: Redirecting (301) to <GET https://movie.douban.com/subject/3431016/> from <GET https://movie.douban.com/subject/3431016>
2016-12-02 07:53:09 [scrapy] DEBUG: Redirecting (301) to <GET https://movie.douban.com/subject/3431497/> from <GET https://movie.douban.com/subject/3431497>
2016-12-02 07:53:09 [scrapy] DEBUG: Redirecting (301) to <GET https://movie.douban.com/subject/3431063/> from <GET https://movie.douban.com/subject/3431063>
2016-12-02 07:53:09 [scrapy] DEBUG: Crawled (200) <GET https://movie.douban.com/subject/3427377/> (referer: None)
2016-12-02 07:53:09 [scrapy] DEBUG: Redirecting (301) to <GET https://movie.douban.com/subject/3431581/> from <GET https://movie.douban.com/subject/3431581>
2016-12-02 07:53:09 [scrapy] DEBUG: Crawled (200) <GET https://movie.douban.com/subject/3427890/> (referer: None)
2016-12-02 07:53:09 [scrapy] DEBUG: Crawled (200) <GET https://movie.douban.com/subject/3428413/> (referer: None)
2016-12-02 07:53:09 [scrapy] DEBUG: Crawled (200) <GET https://movie.douban.com/subject/3430423/> (referer: None)
2016-12-02 07:53:09 [scrapy] DEBUG: Crawled (200) <GET https://movie.douban.com/subject/3429252/> (referer: None)
2016-12-02 07:53:09 [scrapy] DEBUG: Crawled (200) <GET https://movie.douban.com/subject/3428580/> (referer: None)
2016-12-02 07:53:09 [scrapy] DEBUG: Crawled (200) <GET https://movie.douban.com/subject/3428500/> (referer: None)
2016-12-02 07:53:09 [scrapy] DEBUG: Crawled (200) <GET https://movie.douban.com/subject/3428529/> (referer: None)
2016-12-02 07:53:09 [scrapy] DEBUG: Redirecting (301) to <GET https://movie.douban.com/subject/3431145/> from <GET https://movie.douban.com/subject/3431145>
2016-12-02 07:53:09 [douban_scrapy.pipelines] ERROR: Failed to insert data into table mirs_movie_test
2016-12-02 07:53:09 [scrapy] DEBUG: Scraped from <200 https://movie.douban.com/subject/3427376/>
{'movie_actors': "['SorchaCusack', 'MichaelJayston']",
 'movie_also_like_movies': "['4074320', '3233127', '3271140', '2372645', "
                           "'4219791', '5032143', '2228591', '3091012', "
                           "'4227122', '5937990']",
 'movie_another_names': '',
 'movie_awards': '[]',
 'movie_cover_link': 'https://img1.doubanio.com/view/movie_poster_cover/lpst/public/p740424057.jpg',
 'movie_directors': "['JoanCraft']",
 'movie_douban_rating': '7.8',
 'movie_id': '3427376',
 'movie_languages': "['英语']",
 'movie_name': '源氏物语 紫式部 源氏物語',
 'movie_official_website': ' http://www.imdb.com/title/tt0207892/',
 'movie_origin_place': "['英国']",
 'movie_release_dates': '',
 'movie_runtime': '',
 'movie_screenwriters': "['CharlotteBronte', 'RobinChapman']",
 'movie_synopsis': '∴朝日新聞東京本社創刊１００周年／テレビ朝日開局３０周年／日本ヘラルド映画創立３０周年記念作品。',
 'movie_types': "['剧情', '爱情']",
 'movie_year': '1987'}
2016-12-02 07:53:09 [scrapy] DEBUG: Redirecting (301) to <GET https://movie.douban.com/subject/3431242/> from <GET https://movie.douban.com/subject/3431242>
2016-12-02 07:53:09 [scrapy] DEBUG: Crawled (200) <GET https://movie.douban.com/subject/3431497/> (referer: None)
2016-12-02 07:53:09 [scrapy] DEBUG: Redirecting (301) to <GET https://movie.douban.com/subject/3431694/> from <GET https://movie.douban.com/subject/3431694>
2016-12-02 07:53:09 [scrapy] DEBUG: Crawled (200) <GET https://movie.douban.com/subject/3428545/> (referer: None)
2016-12-02 07:53:09 [scrapy] DEBUG: Crawled (200) <GET https://movie.douban.com/subject/3430169/> (referer: None)
2016-12-02 07:53:10 [douban_scrapy.pipelines] ERROR: Failed to insert data into table mirs_movie_test
2016-12-02 07:53:10 [scrapy] DEBUG: Scraped from <200 https://movie.douban.com/subject/3427308/>
{'movie_actors': "['刘德凯', '狄莺']",
 'movie_also_like_movies': "['1900885', '3989080', '2334152', '3123230', "
                           "'1401989', '2246583', '3042142', '1440900', "
                           "'2190914', '6717148']",
 'movie_another_names': "['嘉庆微服私访记']",
 'movie_awards': '[]',
 'movie_cover_link': 'https://img3.doubanio.com/lpic/s3552184.jpg',
 'movie_directors': "['李作楠']",
 'movie_douban_rating': '7.4',
 'movie_id': '3427308',
 'movie_languages': "['普通话', '国语']",
 'movie_name': '简爱 Jane Eyre',
 'movie_official_website': '',
 'movie_origin_place': "['台湾']",
 'movie_release_dates': '',
 'movie_runtime': '',
 'movie_screenwriters': "['罗灿然']",
 'movie_synopsis': 'Afterachildhoodthatwouldhavebrokenweakergirls,JaneEyrefindsarespectablepositionasgovernesstothewardoftheenigmaticMr.Rochester.Twentyyearshersenior,brusque,andhardenedbyloss,Mr.Rochesterfindshisspiritednewemployeestrangelybewitching.Despitethesocialchasmthatdividesthem,theyaredrawntoeachotherasequalsandcontemplatetrueh...(展开全部)',
 'movie_types': "['剧情', '悬疑']",
 'movie_year': '1973'}
2016-12-02 07:53:10 [scrapy] DEBUG: Crawled (200) <GET https://movie.douban.com/subject/3430912/> (referer: None)
2016-12-02 07:53:10 [scrapy] DEBUG: Crawled (200) <GET https://movie.douban.com/subject/3427308/photos?type=S> (referer: https://movie.douban.com/subject/3427308/all_photos)
2016-12-02 07:53:10 [scrapy] DEBUG: Crawled (200) <GET https://movie.douban.com/subject/3427376/photos?type=S> (referer: https://movie.douban.com/subject/3427376/all_photos)
2016-12-02 07:53:10 [scrapy] DEBUG: Crawled (200) <GET https://movie.douban.com/subject/3431581/> (referer: None)
2016-12-02 07:53:10 [scrapy] DEBUG: Crawled (200) <GET https://movie.douban.com/subject/3431063/> (referer: None)
2016-12-02 07:53:10 [scrapy] DEBUG: Crawled (200) <GET https://movie.douban.com/subject/3429411/> (referer: None)
2016-12-02 07:53:10 [scrapy] DEBUG: Redirecting (301) to <GET https://movie.douban.com/subject/3431735/> from <GET https://movie.douban.com/subject/3431735>
2016-12-02 07:53:10 [scrapy] DEBUG: Redirecting (301) to <GET https://movie.douban.com/subject/3431313/> from <GET https://movie.douban.com/subject/3431313>
2016-12-02 07:53:10 [scrapy] DEBUG: Crawled (200) <GET https://movie.douban.com/subject/3430463/> (referer: None)
2016-12-02 07:53:10 [scrapy] DEBUG: Crawled (200) <GET https://movie.douban.com/subject/3431016/> (referer: None)
2016-12-02 07:53:10 [scrapy] DEBUG: Crawled (200) <GET https://movie.douban.com/subject/3428547/> (referer: None)
2016-12-02 07:53:10 [scrapy] ERROR: Spider error processing <GET https://movie.douban.com/subject/3430423/> (referer: None)
Traceback (most recent call last):
  File "F:\Python35\lib\site-packages\scrapy\utils\defer.py", line 102, in iter_errback
    yield next(it)
  File "F:\Python35\lib\site-packages\scrapy\spidermiddlewares\offsite.py", line 29, in process_spider_output
    for x in result:
  File "F:\Python35\lib\site-packages\scrapy\spidermiddlewares\referer.py", line 22, in <genexpr>
    return (_set_referer(r) for r in result or ())
  File "F:\Python35\lib\site-packages\scrapy\spidermiddlewares\urllength.py", line 37, in <genexpr>
    return (r for r in result or () if _filter(r))
  File "F:\Python35\lib\site-packages\scrapy\spidermiddlewares\depth.py", line 58, in <genexpr>
    return (r for r in result or () if _filter(r))
  File "G:\MovieRecommendation\Program\douban_scrapy\douban_scrapy\douban_scrapy\spiders\douban_movie.py", line 73, in parse
    movie_year = movie_content.find('span', class_='year').get_text()
AttributeError: 'NoneType' object has no attribute 'get_text'
2016-12-02 07:53:11 [scrapy] ERROR: Spider error processing <GET https://movie.douban.com/subject/3428413/> (referer: None)
Traceback (most recent call last):
  File "F:\Python35\lib\site-packages\scrapy\utils\defer.py", line 102, in iter_errback
    yield next(it)
  File "F:\Python35\lib\site-packages\scrapy\spidermiddlewares\offsite.py", line 29, in process_spider_output
    for x in result:
  File "F:\Python35\lib\site-packages\scrapy\spidermiddlewares\referer.py", line 22, in <genexpr>
    return (_set_referer(r) for r in result or ())
  File "F:\Python35\lib\site-packages\scrapy\spidermiddlewares\urllength.py", line 37, in <genexpr>
    return (r for r in result or () if _filter(r))
  File "F:\Python35\lib\site-packages\scrapy\spidermiddlewares\depth.py", line 58, in <genexpr>
    return (r for r in result or () if _filter(r))
  File "G:\MovieRecommendation\Program\douban_scrapy\douban_scrapy\douban_scrapy\spiders\douban_movie.py", line 112, in parse
    movie_runtime = runtime.group(1)
AttributeError: 'NoneType' object has no attribute 'group'
2016-12-02 07:53:11 [scrapy] DEBUG: Crawled (200) <GET https://movie.douban.com/subject/3431145/> (referer: None)
2016-12-02 07:53:11 [scrapy] DEBUG: Crawled (200) <GET https://movie.douban.com/subject/3430331/> (referer: None)
2016-12-02 07:53:11 [scrapy] DEBUG: Crawled (200) <GET https://movie.douban.com/subject/3427308/photos?type=R> (referer: https://movie.douban.com/subject/3427308/all_photos)
2016-12-02 07:53:11 [scrapy] DEBUG: Crawled (200) <GET https://movie.douban.com/subject/3427377/photos?type=S> (referer: https://movie.douban.com/subject/3427377/all_photos)
2016-12-02 07:53:11 [scrapy] DEBUG: Crawled (200) <GET https://movie.douban.com/subject/3430694/> (referer: None)
2016-12-02 07:53:11 [scrapy] DEBUG: Crawled (200) <GET https://movie.douban.com/subject/3430271/> (referer: None)
2016-12-02 07:53:11 [scrapy] DEBUG: Redirecting (301) to <GET https://movie.douban.com/subject/3431336/> from <GET https://movie.douban.com/subject/3431336>
2016-12-02 07:53:11 [scrapy] DEBUG: Crawled (200) <GET https://movie.douban.com/subject/3427376/reviews> (referer: https://movie.douban.com/subject/3427376)
2016-12-02 07:53:11 [scrapy] DEBUG: Crawled (200) <GET https://movie.douban.com/subject/3431694/> (referer: None)
2016-12-02 07:53:11 [scrapy] DEBUG: Crawled (200) <GET https://movie.douban.com/subject/3427376/comments> (referer: https://movie.douban.com/subject/3427376)
2016-12-02 07:53:11 [scrapy] DEBUG: Crawled (200) <GET https://movie.douban.com/subject/3427308/reviews> (referer: https://movie.douban.com/subject/3427308)
2016-12-02 07:53:11 [scrapy] DEBUG: Crawled (200) <GET https://movie.douban.com/subject/3427308/comments> (referer: https://movie.douban.com/subject/3427308)
2016-12-02 07:53:11 [scrapy] DEBUG: Crawled (200) <GET https://movie.douban.com/subject/3427376/photos?type=R> (referer: https://movie.douban.com/subject/3427376/all_photos)
2016-12-02 07:53:12 [douban_scrapy.pipelines] ERROR: Failed to insert data into table mirs_movie_test
2016-12-02 07:53:12 [scrapy] DEBUG: Scraped from <200 https://movie.douban.com/subject/3427377/>
{'movie_actors': "['朴璐美', '钉宫理惠', '高本惠', '三木真一郎', '折笠富美子', '宫野真守', '水树奈奈', "
                 "'三宅健太', '内海贤二', '小山茉美', '津田匠子', '后藤麻衣', '石冢运升', '浪川大辅', "
                 "'上田祐司', '滨田贤二', '木内秀信', '泽海阳子', '藤原启治', '吉野裕行', '井上喜久子', "
                 "'高山南', '中村悠一', '三瓶由布子', '名塚佳织']",
 'movie_also_like_movies': "['3060412', '3126135', '2326683', '3036663', "
                           "'2238701', '3534063', '3332637', '3206684', "
                           "'3426920', '3406859']",
 'movie_another_names': "['钢之炼金术师BROTHERHOOD', '钢之炼金术师2009']",
 'movie_awards': '',
 'movie_cover_link': 'https://img3.doubanio.com/view/movie_poster_cover/lpst/public/p2202378804.jpg',
 'movie_directors': "['入江泰浩']",
 'movie_douban_rating': '6.6',
 'movie_id': '3427377',
 'movie_languages': "['日语']",
 'movie_name': '嘉庆君游台湾',
 'movie_official_website': '',
 'movie_origin_place': "['日本']",
 'movie_release_dates': '',
 'movie_runtime': '',
 'movie_screenwriters': "['大野木宽', '菅正太郎', '水上清资']",
 'movie_synopsis': '一段嘉庆早年的民间传说，言情、武侠、冒险、推理，情节跌宕起伏、悬念迭生。乾隆末年，太子嘉庆（刘德凯饰）无意得知生母尚在，为寻访生母下落，嘉庆携护卫李勇（宋达民饰）乔装入台。寻访期间，机缘巧合，先后结识了二两（周明增饰）、明珠（狄莺饰）等人，在二、明等人的帮助下，破奇案，惩奸佞！每每在危急时刻化险为夷。而嘉庆、明珠也因此而互生情愫。然终究地位悬殊，一段感情将何以为继？生母下落又在何方？与此同时，奸臣和坤勾结白莲教意图谋害嘉庆，内忧外患，嘉庆又如何化解？',
 'movie_types': "['剧情', '动作', '科幻', '动画', '冒险']",
 'movie_year': '1999'}
2016-12-02 07:53:12 [scrapy] DEBUG: Crawled (200) <GET https://movie.douban.com/subject/3427377/reviews> (referer: https://movie.douban.com/subject/3427377)
2016-12-02 07:53:12 [scrapy] DEBUG: Crawled (200) <GET https://movie.douban.com/subject/3427377/photos?type=R> (referer: https://movie.douban.com/subject/3427377/all_photos)
2016-12-02 07:53:12 [scrapy] DEBUG: Redirecting (301) to <GET https://movie.douban.com/subject/3431841/> from <GET https://movie.douban.com/subject/3431841>
2016-12-02 07:53:12 [scrapy] DEBUG: Crawled (200) <GET https://movie.douban.com/subject/3431242/> (referer: None)
2016-12-02 07:53:13 [douban_scrapy.pipelines] ERROR: Failed to insert data into table stills_links
2016-12-02 07:53:13 [scrapy] DEBUG: Scraped from <200 https://movie.douban.com/subject/3427308/photos?type=S>
{'movie_id': '3427308', 'movie_stills_photos_links': '[]'}
2016-12-02 07:53:13 [douban_scrapy.pipelines] ERROR: Failed to insert data into table stills_links
2016-12-02 07:53:13 [scrapy] DEBUG: Scraped from <200 https://movie.douban.com/subject/3427376/photos?type=S>
{'movie_id': '3427376',
 'movie_stills_photos_links': '["https://img1.doubanio.com/view/photo/thumb/public/p636348981.jpg", '
                              '"https://img1.doubanio.com/view/photo/thumb/public/p636349288.jpg", '
                              '"https://img1.doubanio.com/view/photo/thumb/public/p636349380.jpg", '
                              '"https://img1.doubanio.com/view/photo/thumb/public/p2393756905.jpg", '
                              '"https://img1.doubanio.com/view/photo/thumb/public/p2227880208.jpg", '
                              '"https://img1.doubanio.com/view/photo/thumb/public/p2227880205.jpg", '
                              '"https://img1.doubanio.com/view/photo/thumb/public/p2227880203.jpg", '
                              '"https://img1.doubanio.com/view/photo/thumb/public/p2227880201.jpg", '
                              '"https://img1.doubanio.com/view/photo/thumb/public/p2227880196.jpg", '
                              '"https://img1.doubanio.com/view/photo/thumb/public/p2227880194.jpg", '
                              '"https://img1.doubanio.com/view/photo/thumb/public/p2227880188.jpg", '
                              '"https://img1.doubanio.com/view/photo/thumb/public/p2227880186.jpg", '
                              '"https://img1.doubanio.com/view/photo/thumb/public/p636349161.jpg", '
                              '"https://img1.doubanio.com/view/photo/thumb/public/p636348601.jpg", '
                              '"https://img1.doubanio.com/view/photo/thumb/public/p636348450.jpg", '
                              '"https://img1.doubanio.com/view/photo/thumb/public/p636348240.jpg"]'}
2016-12-02 07:53:14 [scrapy] ERROR: Spider error processing <GET https://movie.douban.com/subject/3431016/> (referer: None)
Traceback (most recent call last):
  File "F:\Python35\lib\site-packages\scrapy\utils\defer.py", line 102, in iter_errback
    yield next(it)
  File "F:\Python35\lib\site-packages\scrapy\spidermiddlewares\offsite.py", line 29, in process_spider_output
    for x in result:
  File "F:\Python35\lib\site-packages\scrapy\spidermiddlewares\referer.py", line 22, in <genexpr>
    return (_set_referer(r) for r in result or ())
  File "F:\Python35\lib\site-packages\scrapy\spidermiddlewares\urllength.py", line 37, in <genexpr>
    return (r for r in result or () if _filter(r))
  File "F:\Python35\lib\site-packages\scrapy\spidermiddlewares\depth.py", line 58, in <genexpr>
    return (r for r in result or () if _filter(r))
  File "G:\MovieRecommendation\Program\douban_scrapy\douban_scrapy\douban_scrapy\spiders\douban_movie.py", line 112, in parse
    movie_runtime = runtime.group(1)
AttributeError: 'NoneType' object has no attribute 'group'
2016-12-02 07:53:14 [douban_scrapy.pipelines] ERROR: Failed to insert data into table mirs_movie_test
2016-12-02 07:53:14 [scrapy] DEBUG: Scraped from <200 https://movie.douban.com/subject/3427890/>
{'movie_actors': '',
 'movie_also_like_movies': "['5977784', '2136261', '21961979', '1443675', "
                           "'3024173', '20471367', '25736416', '10594576', "
                           "'2084794', '20368792']",
 'movie_another_names': '',
 'movie_awards': '',
 'movie_cover_link': 'https://img3.doubanio.com/lpic/s3552824.jpg',
 'movie_directors': "['RichardKanter']",
 'movie_douban_rating': '7.1',
 'movie_id': '3427890',
 'movie_languages': "['英语']",
 'movie_name': '街头巷尾 街頭巷尾',
 'movie_official_website': '',
 'movie_origin_place': "['美国']",
 'movie_release_dates': "['1977-04-19']",
 'movie_runtime': 'USA',
 'movie_screenwriters': '',
 'movie_synopsis': '大雜院中來自外省與本省的居民互相扶持，拾荒者石三泰對孤女小珠疼愛有加，雖然生活貧困，但兩人感情深厚，情同親生父女，過著甜蜜滿足的生活。本片為李行導演首次執導的國語電影，也是後來「健康寫實」電影風潮的先驅，片中每一個小人物都充滿了寫實的刻畫，而當時淳樸熱心的市井小民，就如影片中一般在街頭巷尾過著互助勤勉的簡單生活。',
 'movie_types': "['Adult']",
 'movie_year': '1963'}
2016-12-02 07:53:14 [douban_scrapy.pipelines] ERROR: Failed to insert data into table mirs_movie_test
2016-12-02 07:53:14 [scrapy] DEBUG: Scraped from <200 https://movie.douban.com/subject/3428529/>
{'movie_actors': '',
 'movie_also_like_movies': "['24882719', '24523681', '21442760', '3104205', "
                           "'6039412', '11528271', '21324289', '5327216', "
                           "'20278806', '5152804']",
 'movie_another_names': '',
 'movie_awards': '',
 'movie_cover_link': 'https://img5.doubanio.com/view/movie_poster_cover/lpst/public/p2210971106.jpg',
 'movie_directors': "['RichardKanter']",
 'movie_douban_rating': '6.2',
 'movie_id': '3428529',
 'movie_languages': "['英语']",
 'movie_name': '如果我留下 If I Stay',
 'movie_official_website': '',
 'movie_origin_place': "['美国']",
 'movie_release_dates': "['1977-04-19']",
 'movie_runtime': 'USA',
 'movie_screenwriters': '',
 'movie_synopsis': '影片改编自美国作家盖尔·福尔曼畅销18个国家的同名小说，天赋超群的古典音乐少女米娅，与家人遭遇严重车祸，在昏迷之中忽然灵魂出窍，在生死之间看见未来。这段预告片中，莫瑞兹朗读小说的序言作为旁白，一边亲眼看着自己倒在车祸现场，躺在手术台上，男友和同伴奔向医院，护士在耳边喃喃低语，一边思索要如何做出这艰难的选择：是随父母离世而去，还是苏醒过来继续人生。',
 'movie_types': "['Adult']",
 'movie_year': '2014'}
2016-12-02 07:53:14 [scrapy] DEBUG: Crawled (200) <GET https://movie.douban.com/subject/3427890/photos?type=S> (referer: https://movie.douban.com/subject/3427890/all_photos)
2016-12-02 07:53:14 [scrapy] DEBUG: Crawled (200) <GET https://movie.douban.com/subject/3431313/> (referer: None)
2016-12-02 07:53:14 [scrapy] DEBUG: Redirecting (301) to <GET http://www.imdb.com/title/tt0295455/> from <GET http://www.imdb.com/title/tt0295455>
2016-12-02 07:53:14 [scrapy] DEBUG: Crawled (200) <GET https://movie.douban.com/subject/3431735/> (referer: None)
2016-12-02 07:53:14 [scrapy] DEBUG: Redirecting (301) to <GET https://movie.douban.com/subject/3431867/> from <GET https://movie.douban.com/subject/3431867>
2016-12-02 07:53:14 [scrapy] DEBUG: Redirecting (301) to <GET http://www.imdb.com/title/tt0207892/> from <GET http://www.imdb.com/title/tt0207892>
2016-12-02 07:53:14 [scrapy] DEBUG: Crawled (200) <GET https://movie.douban.com/subject/3427377/comments> (referer: https://movie.douban.com/subject/3427377)
2016-12-02 07:53:14 [scrapy] DEBUG: Crawled (200) <GET https://movie.douban.com/subject/3431336/> (referer: None)
2016-12-02 07:53:14 [scrapy] DEBUG: Crawled (200) <GET https://movie.douban.com/subject/3428500/photos?type=S> (referer: https://movie.douban.com/subject/3428500/all_photos)
2016-12-02 07:53:14 [scrapy] DEBUG: Crawled (200) <GET https://movie.douban.com/subject/3429252/photos?type=S> (referer: https://movie.douban.com/subject/3429252/all_photos)
2016-12-02 07:53:14 [scrapy] DEBUG: Crawled (200) <GET https://movie.douban.com/subject/3428580/photos?type=S> (referer: https://movie.douban.com/subject/3428580/all_photos)
2016-12-02 07:53:14 [scrapy] DEBUG: Crawled (200) <GET https://movie.douban.com/subject/3428529/photos?type=S> (referer: https://movie.douban.com/subject/3428529/all_photos)
2016-12-02 07:53:15 [douban_scrapy.pipelines] ERROR: Failed to insert data into table poster_links
2016-12-02 07:53:15 [scrapy] DEBUG: Scraped from <200 https://movie.douban.com/subject/3427308/photos?type=R>
{'movie_id': '3427308', 'movie_poster_photos_links': '[]'}
2016-12-02 07:53:15 [douban_scrapy.pipelines] ERROR: Failed to insert data into table stills_links
2016-12-02 07:53:15 [scrapy] DEBUG: Scraped from <200 https://movie.douban.com/subject/3427377/photos?type=S>
{'movie_id': '3427377', 'movie_stills_photos_links': '[]'}
2016-12-02 07:53:15 [douban_scrapy.pipelines] ERROR: Failed to insert data into table reviews
2016-12-02 07:53:15 [scrapy] DEBUG: Scraped from <200 https://movie.douban.com/subject/3427376/reviews>
{'movie_id': '3427376',
 'review_list': [{'review_author': '大兔娃娃',
                  'review_date': '2016-05-16 20:08:48',
                  'review_rating': '推荐',
                  'review_text': '原著作为日本版的“红楼梦”，改成影视作品也是蛮难的。一则是跨越了几代的大叙事非电视剧不可，二则是题材内容限制除了滚床单似乎也没什么好（取难易之意）描绘。天海佑希那版便是栽在了后者（这就是莱辛论拉奥...',
                  'review_title': '《源氏物语》动画版短评'},
                 {'review_author': '南喃呢喃',
                  'review_date': '2016-05-22 10:08:43',
                  'review_rating': '推荐',
                  'review_text': '光源氏的美貌气质……比他一众宠幸的姬子都……弱柳扶风，有种魏晋风骨的感觉。反正这就是一部光源氏集美史，然后附带浓重的OdepiusComplex，是这样，他对每个女人都是爱的，但是不能影响他爱下一个。然后他爹默...',
                  'review_title': '源氏物语简评'}]}
2016-12-02 07:53:16 [douban_scrapy.pipelines] ERROR: Failed to insert data into table mirs_movie_test
2016-12-02 07:53:16 [scrapy] DEBUG: Scraped from <200 https://movie.douban.com/subject/3431497/>
{'movie_actors': "['莉亚·科贝德', '莎莉·霍金斯', 'CraigParkinson', '梅拉·沙尔', '安东尼·麦凯', "
                 "'茱丽叶特·斯蒂文森', '蒂莫西·斯波', 'SorayaOmar-Scego']",
 'movie_also_like_movies': '[]',
 'movie_another_names': "['Wüstenblume']",
 'movie_awards': '',
 'movie_cover_link': 'https://img1.doubanio.com/lpic/s3813988.jpg',
 'movie_directors': "['SherryHorman']",
 'movie_douban_rating': '',
 'movie_id': '3431497',
 'movie_languages': "['英语', '索马里语', '法语']",
 'movie_name': 'Les crabes',
 'movie_official_website': ' www.desertflower-movie.com',
 'movie_origin_place': "['英国', '德国', '奥地利']",
 'movie_release_dates': "['2009-09-24']",
 'movie_runtime': '128',
 'movie_screenwriters': "['SherryHorman', 'SmitaBhide', 'WarisDirie']",
 'movie_synopsis': '',
 'movie_types': "['剧情']",
 'movie_year': '1930'}
2016-12-02 07:53:16 [douban_scrapy.pipelines] ERROR: Failed to insert data into table poster_links
2016-12-02 07:53:16 [scrapy] DEBUG: Scraped from <200 https://movie.douban.com/subject/3427376/photos?type=R>
{'movie_id': '3427376',
 'movie_poster_photos_links': '["https://img1.doubanio.com/view/photo/thumb/public/p453866650.jpg", '
                              '"https://img1.doubanio.com/view/photo/thumb/public/p740424057.jpg", '
                              '"https://img1.doubanio.com/view/photo/thumb/public/p453866213.jpg", '
                              '"https://img1.doubanio.com/view/photo/thumb/public/p2174250164.jpg"]'}
2016-12-02 07:53:16 [douban_scrapy.pipelines] ERROR: Failed to insert data into table reviews
2016-12-02 07:53:16 [scrapy] DEBUG: Scraped from <200 https://movie.douban.com/subject/3427308/reviews>
{'movie_id': '3427308',
 'review_list': [{'review_author': '逍遥小小兽',
                  'review_date': '2016-06-05 20:01:29',
                  'review_rating': '还行',
                  'review_text': '想象读一本书，是读书页里的人生，读人生中的自己，每一行字便有了温热的气息，沁入心田。这典籍，这恋爱指南，哪个女子会错过呢？于是，看电影用了挑剔的眼光，为着先有的钟情。2011版，看到...',
                  'review_title': '人生，在创作中完美'}]}
2016-12-02 07:53:16 [douban_scrapy.pipelines] ERROR: Failed to insert data into table mirs_movie_test
2016-12-02 07:53:16 [scrapy] DEBUG: Scraped from <200 https://movie.douban.com/subject/3428545/>
{'movie_actors': '',
 'movie_also_like_movies': "['6877725', '11584020', '4914656', '4071781', "
                           "'3212221', '5938000', '1291565', '1921583', "
                           "'2301179', '1962116']",
 'movie_another_names': '',
 'movie_awards': '',
 'movie_cover_link': 'https://img3.doubanio.com/view/movie_poster_cover/lpst/public/p1039901241.jpg',
 'movie_directors': "['保罗·范霍文']",
 'movie_douban_rating': '7.7',
 'movie_id': '3428545',
 'movie_languages': '',
 'movie_name': '犹太长老的灵猫 Le Chat du rabbin',
 'movie_official_website': '',
 'movie_origin_place': "['美国']",
 'movie_release_dates': '',
 'movie_runtime': '',
 'movie_screenwriters': '',
 'movie_synopsis': '20世纪20年代，非洲国家阿尔及利亚。在某个犹太人小镇上，生活着受人尊重的长老史法及其美丽善良且刚刚进入青春期的女儿扎拉比娅。长老一方面遗憾曾经可爱的女儿天真不再，一方面担心扎拉比娅受到各种不符教义事物的诱惑走上歧途。这一日，长老的家中发生怪事，他家的猫儿在吃了鹦鹉后竟然开口说话。灵猫日常里耳濡目染，出口成章。为避免对女儿造成影响，长老禁止灵猫与心爱的小主人见面，为此它甚至愿意接受割礼入教。某日，一名神秘的俄国青年突然出现在小镇上。他的到来给这个本就因灵猫的存在而气氛活跃的小镇带来更多未知的体验与冲击……本片根据由法国著名漫画作家尤安·斯法尔的根据自己的同名原作改编拍摄，并荣获2012年法国凯撒奖最佳动画片奖。',
 'movie_types': "['惊悚']",
 'movie_year': '2011'}
2016-12-02 07:53:17 [douban_scrapy.pipelines] ERROR: Failed to insert data into table mirs_movie_test
2016-12-02 07:53:17 [scrapy] DEBUG: Scraped from <200 https://movie.douban.com/subject/3430169/>
{'movie_actors': '',
 'movie_also_like_movies': "['1433342', '2043155', '5416070', '3326764', "
                           "'1800597', '2057171', '1460919', '3284269', "
                           "'3893384', '2052059']",
 'movie_another_names': '',
 'movie_awards': '',
 'movie_cover_link': 'https://img5.doubanio.com/view/movie_poster_cover/lpst/public/p2225808366.jpg',
 'movie_directors': "['保罗·范霍文']",
 'movie_douban_rating': '9.4',
 'movie_id': '3430169',
 'movie_languages': '',
 'movie_name': '钢之炼金术师FA 鋼の錬金術師 FULLMETAL ALCHEMIST',
 'movie_official_website': '',
 'movie_origin_place': "['美国']",
 'movie_release_dates': '',
 'movie_runtime': '',
 'movie_screenwriters': '',
 'movie_synopsis': '炼金术，一种建立在等价交换原则基础上的科学，将物质进行理解、分解、再构造，将一种物品变成另外一种。但是，这样先进的技术却不能进行人体炼成，这是炼金术绝对的禁忌。可是，拥有极高炼金术天赋的爱德华（朴璐美配音）和阿尔冯斯（钉宫理恵配音）兄弟，因为对母亲极大的思念不惜触犯禁忌。而最终的代价却是，爱德华失去了一条手臂和一条腿，弟弟阿尔冯斯只能将灵魂依附在一副巨大的装甲之内。终于明白一切的兄弟俩，为了恢复原状，寻求更多的炼金术知识，成为国家炼金术师踏上了寻找终极炼金物品——贤者之石的旅程。在不断的探索中，两兄弟终于发现了贤者之石背后的真相，对身处的这个军事化国家也有了更深入的了解。此时，面对国家、民族、家庭……炼金术的未来究竟在何处。',
 'movie_types': "['惊悚']",
 'movie_year': '2009'}
